<?xml version="1.0" encoding="UTF-8"?>
<!-- Generated by org.testng.reporters.JUnitReportReporter -->
<testsuite hostname="FRP03377" failures="0" tests="1" name="TestProduits" time="1.638" errors="0" timestamp="13 Dec 2022 16:09:51 GMT">
  <testcase classname="TestProduits" name="TestVerifierTitre" time="1.638"/>
</testsuite> <!-- TestProduits -->
