<?xml version="1.0" encoding="UTF-8"?>
<!-- Generated by org.testng.reporters.JUnitReportReporter -->
<testsuite hostname="FRP03377" failures="0" tests="1" name="TestLocked" time="1.299" errors="0" timestamp="13 Dec 2022 16:09:51 GMT">
  <testcase classname="TestLocked" name="Locked" time="1.299"/>
</testsuite> <!-- TestLocked -->
